
/home/runner/work/exp-heat-conduction-generation-iitb/exp-heat-conduction-generation-iitb/experiment/simulation/common_libraries/js/ts_components/collapse_step.js
   1:10  warning  'show_step' is defined but never used                 no-unused-vars
   2:5   warning  '$' is not defined                                    no-undef
   3:9   warning  '$' is not defined                                    no-undef
   6:10  warning  'hide_step' is defined but never used                 no-unused-vars
   7:5   warning  '$' is not defined                                    no-undef
   8:9   warning  '$' is not defined                                    no-undef
  11:10  warning  'get_collapse_btn_text' is defined but never used     no-unused-vars
  20:10  warning  'get_collapse_btn_element' is defined but never used  no-unused-vars
  29:10  warning  'hide_all_steps' is defined but never used            no-unused-vars
  31:9   warning  '$' is not defined                                    no-undef

/home/runner/work/exp-heat-conduction-generation-iitb/exp-heat-conduction-generation-iitb/experiment/simulation/common_libraries/js/ts_components/matrix.js
   27:26  warning  'MathJax' is not defined                                no-undef
   32:7   warning  'Matrix_Without_String' is defined but never used       no-unused-vars
   52:26  warning  'MathJax' is not defined                                no-undef
   56:10  warning  'get_matrix_html' is defined but never used             no-unused-vars
   87:13  warning  'row_html' is assigned a value but never used           no-unused-vars
   99:10  warning  'get_matrix_html_with_title' is defined but never used  no-unused-vars
  131:13  warning  'row_html' is assigned a value but never used           no-unused-vars
  143:10  warning  'convert_2d_to_1d_vector' is defined but never used     no-unused-vars
  156:10  warning  'convert_1d_to_2d_matrix' is defined but never used     no-unused-vars

/home/runner/work/exp-heat-conduction-generation-iitb/exp-heat-conduction-generation-iitb/experiment/simulation/common_libraries/js/ts_components/pannel.js
  8:7  warning  'Pannel' is defined but never used  no-unused-vars

/home/runner/work/exp-heat-conduction-generation-iitb/exp-heat-conduction-generation-iitb/experiment/simulation/common_libraries/js/ts_components/questions.js
   6:17  warning  'op1' is assigned a value but never used      no-unused-vars
   7:17  warning  'op2' is assigned a value but never used      no-unused-vars
   8:17  warning  'op3' is assigned a value but never used      no-unused-vars
   9:17  warning  'op4' is assigned a value but never used      no-unused-vars
  94:7   warning  'Question_Options' is defined but never used  no-unused-vars

/home/runner/work/exp-heat-conduction-generation-iitb/exp-heat-conduction-generation-iitb/experiment/simulation/common_libraries/js/ts_components/tables.js
   19:22  warning  'verify_values' is not defined                                     no-undef
  137:22  warning  'verify_values' is not defined                                     no-undef
  260:7   warning  'Verify_Rows_Cols_6_decimal_places' is defined but never used      no-unused-vars
  311:22  warning  'verify_values' is not defined                                     no-undef
  416:7   warning  'Verify_Rows_Cols_Custom_Fixed_Update1' is defined but never used  no-unused-vars
  468:7   warning  'Show_Table_Custom_Fixed' is defined but never used                no-unused-vars
  506:7   warning  'Verify_Rows_Cols_Strings' is defined but never used               no-unused-vars
  527:22  warning  'verify_values' is not defined                                     no-undef
  663:7   warning  'Display_Table' is defined but never used                          no-unused-vars

/home/runner/work/exp-heat-conduction-generation-iitb/exp-heat-conduction-generation-iitb/experiment/simulation/common_libraries/js/ts_math_library/general_math_functions.js
    1:10  warning  'verify_values' is defined but never used                   no-unused-vars
   17:10  warning  'random1' is defined but never used                         no-unused-vars
   21:10  warning  'std_deviation' is defined but never used                   no-unused-vars
   26:10  warning  'gauss' is defined but never used                           no-unused-vars
   56:10  warning  'hide_panel' is defined but never used                      no-unused-vars
   63:10  warning  'inverse_matrix' is defined but never used                  no-unused-vars
   96:10  warning  'matrix_multiplication' is defined but never used           no-unused-vars
  113:10  warning  'transpose_matrix' is defined but never used                no-unused-vars
  123:10  warning  'matrix_multiplication_8decimal' is defined but never used  no-unused-vars
  140:10  warning  'adjoint_2x2_matrix' is defined but never used              no-unused-vars
  145:10  warning  'find_deteminant' is defined but never used                 no-unused-vars
  174:10  warning  'get_Submatrix' is defined but never used                   no-unused-vars

/home/runner/work/exp-heat-conduction-generation-iitb/exp-heat-conduction-generation-iitb/experiment/simulation/common_libraries/js/ts_math_library/regression.js
   1:10  warning  'regression_linear' is defined but never used            no-unused-vars
  18:10  warning  'regression_linear_1variable' is defined but never used  no-unused-vars
  27:10  warning  'regression_linear_2variable' is defined but never used  no-unused-vars
  52:11  warning  'gauss' is not defined                                   no-undef

/home/runner/work/exp-heat-conduction-generation-iitb/exp-heat-conduction-generation-iitb/experiment/simulation/common_libraries/math.ob.js
  1:745  warning  'b' is already defined  no-redeclare

/home/runner/work/exp-heat-conduction-generation-iitb/exp-heat-conduction-generation-iitb/experiment/simulation/js/activity1.js
   17:24   warning  'MathJax' is not defined                 no-undef
   20:10   warning  'Verify_act1' is defined but never used  no-unused-vars
   25:20   warning  'get_collapse_btn_text' is not defined   no-undef
   30:108  warning  'rod_q' is not defined                   no-undef
   30:161  warning  'rod_conductivity' is not defined        no-undef
   30:196  warning  'rod_diameter' is not defined            no-undef
   30:230  warning  'rod_length' is not defined              no-undef
   30:321  warning  'ts_rod' is not defined                  no-undef
   42:5    warning  'hide_all_steps' is not defined          no-undef
   43:24   warning  'show_step' is not defined               no-undef
   44:24   warning  'MathJax' is not defined                 no-undef
   47:10   warning  'sol1' is defined but never used         no-unused-vars
   52:20   warning  'get_collapse_btn_text' is not defined   no-undef
  112:5    warning  'hide_all_steps' is not defined          no-undef
  113:24   warning  'show_step' is not defined               no-undef
  114:24   warning  'MathJax' is not defined                 no-undef
  117:10   warning  'verify_sol1' is defined but never used  no-unused-vars
  119:17   warning  'c1_rod' is not defined                  no-undef
  122:10   warning  'verify_values' is not defined           no-undef
  122:48   warning  'c1_rod' is not defined                  no-undef
  128:25   warning  'c1_rod' is not defined                  no-undef
  134:20   warning  'get_collapse_btn_text' is not defined   no-undef
  141:26   warning  'rod_diameter' is not defined            no-undef
  142:39   warning  'ts_rod' is not defined                  no-undef
  174:5    warning  'c2_rod' is not defined                  no-undef
  174:14   warning  'ts_rod' is not defined                  no-undef
  174:25   warning  'rod_q' is not defined                   no-undef
  174:44   warning  'rod_diameter' is not defined            no-undef
  174:75   warning  'rod_conductivity' is not defined        no-undef
  176:5    warning  'hide_all_steps' is not defined          no-undef
  177:24   warning  'show_step' is not defined               no-undef
  178:24   warning  'MathJax' is not defined                 no-undef
  180:10   warning  'verify_sol2' is defined but never used  no-unused-vars
  182:17   warning  'c2_rod' is not defined                  no-undef
  185:10   warning  'verify_values' is not defined           no-undef
  185:48   warning  'c2_rod' is not defined                  no-undef
  191:25   warning  'c2_rod' is not defined                  no-undef
  197:20   warning  'get_collapse_btn_text' is not defined   no-undef
  225:5    warning  't_max_rod' is not defined               no-undef
  225:17   warning  'c2_rod' is not defined                  no-undef
  227:5    warning  'hide_all_steps' is not defined          no-undef
  228:24   warning  'show_step' is not defined               no-undef
  229:24   warning  'MathJax' is not defined                 no-undef
  231:10   warning  'verify_sol3' is defined but never used  no-unused-vars
  233:17   warning  't_max_rod' is not defined               no-undef
  236:10   warning  'verify_values' is not defined           no-undef
  236:48   warning  't_max_rod' is not defined               no-undef
  242:25   warning  't_max_rod' is not defined               no-undef
  245:5    warning  'activity2' is not defined               no-undef

/home/runner/work/exp-heat-conduction-generation-iitb/exp-heat-conduction-generation-iitb/experiment/simulation/js/activity2.js
    1:10   warning  'activity2' is defined but never used     no-unused-vars
   15:5    warning  'maindiv' is not defined                  no-undef
   16:24   warning  'MathJax' is not defined                  no-undef
   19:10   warning  'Verify_act2' is defined but never used   no-unused-vars
   24:20   warning  'get_collapse_btn_text' is not defined    no-undef
   29:43   warning  'sphere_diameter' is not defined          no-undef
   29:92   warning  'sphere_q' is not defined                 no-undef
   29:142  warning  'sphere_conductivity' is not defined      no-undef
   29:204  warning  'ts_sphere' is not defined                no-undef
   41:5    warning  'maindiv' is not defined                  no-undef
   42:5    warning  'hide_all_steps' is not defined           no-undef
   43:24   warning  'show_step' is not defined                no-undef
   44:24   warning  'MathJax' is not defined                  no-undef
   47:10   warning  'a2_sol2' is defined but never used       no-unused-vars
   48:20   warning  'get_collapse_btn_text' is not defined    no-undef
  106:5    warning  'maindiv' is not defined                  no-undef
  107:5    warning  'hide_all_steps' is not defined           no-undef
  108:24   warning  'show_step' is not defined                no-undef
  109:24   warning  'MathJax' is not defined                  no-undef
  111:10   warning  'verify2_sol2' is defined but never used  no-unused-vars
  113:17   warning  'c1_sphere' is not defined                no-undef
  116:10   warning  'verify_values' is not defined            no-undef
  116:48   warning  'c1_sphere' is not defined                no-undef
  122:25   warning  'c1_sphere' is not defined                no-undef
  128:20   warning  'get_collapse_btn_text' is not defined    no-undef
  135:44   warning  'sphere_diameter' is not defined          no-undef
  135:109  warning  'ts_sphere' is not defined                no-undef
  167:5    warning  'c2_sphere' is not defined                no-undef
  167:17   warning  'ts_sphere' is not defined                no-undef
  167:31   warning  'sphere_q' is not defined                 no-undef
  167:59   warning  'sphere_diameter' is not defined          no-undef
  167:95   warning  'sphere_conductivity' is not defined      no-undef
  168:5    warning  'maindiv' is not defined                  no-undef
  169:5    warning  'hide_all_steps' is not defined           no-undef
  170:24   warning  'show_step' is not defined                no-undef
  171:24   warning  'MathJax' is not defined                  no-undef
  173:10   warning  'verify2_sol3' is defined but never used  no-unused-vars
  175:17   warning  'c2_sphere' is not defined                no-undef
  178:10   warning  'verify_values' is not defined            no-undef
  178:48   warning  'c2_sphere' is not defined                no-undef
  184:25   warning  'c2_sphere' is not defined                no-undef
  190:20   warning  'get_collapse_btn_text' is not defined    no-undef
  218:5    warning  't_max_sphere' is not defined             no-undef
  218:20   warning  'c2_sphere' is not defined                no-undef
  219:5    warning  'maindiv' is not defined                  no-undef
  220:5    warning  'hide_all_steps' is not defined           no-undef
  221:24   warning  'show_step' is not defined                no-undef
  222:24   warning  'MathJax' is not defined                  no-undef
  224:10   warning  'verify2_sol4' is defined but never used  no-unused-vars
  226:17   warning  't_max_sphere' is not defined             no-undef
  229:10   warning  'verify_values' is not defined            no-undef
  229:48   warning  't_max_sphere' is not defined             no-undef
  235:25   warning  't_max_sphere' is not defined             no-undef

/home/runner/work/exp-heat-conduction-generation-iitb/exp-heat-conduction-generation-iitb/experiment/simulation/js/data.js
    1:5  warning  'thickness' is assigned a value but never used                       no-unused-vars
    2:5  warning  'len' is assigned a value but never used                             no-unused-vars
    3:5  warning  'height' is assigned a value but never used                          no-unused-vars
    4:5  warning  'left_temp' is assigned a value but never used                       no-unused-vars
    5:5  warning  'right_temp' is assigned a value but never used                      no-unused-vars
    6:5  warning  'k_0' is assigned a value but never used                             no-unused-vars
    8:5  warning  'alpha' is assigned a value but never used                           no-unused-vars
    9:5  warning  'alpha2' is assigned a value but never used                          no-unused-vars
   10:5  warning  'alpha3' is assigned a value but never used                          no-unused-vars
   11:5  warning  'x' is assigned a value but never used                               no-unused-vars
   13:5  warning  'c' is assigned a value but never used                               no-unused-vars
   14:5  warning  't_x' is assigned a value but never used                             no-unused-vars
   15:5  warning  'a' is assigned a value but never used                               no-unused-vars
   17:5  warning  'c2' is assigned a value but never used                              no-unused-vars
   18:5  warning  't_x2' is assigned a value but never used                            no-unused-vars
   19:5  warning  'a2' is assigned a value but never used                              no-unused-vars
   21:5  warning  'c3' is assigned a value but never used                              no-unused-vars
   22:5  warning  't_x3' is assigned a value but never used                            no-unused-vars
   23:5  warning  'a3' is assigned a value but never used                              no-unused-vars
   25:5  warning  'tab4_y' is assigned a value but never used                          no-unused-vars
   26:5  warning  'tab4_x' is assigned a value but never used                          no-unused-vars
   44:5  warning  't1_pipe_temp' is assigned a value but never used                    no-unused-vars
   45:5  warning  'inside_diameter_pipe' is assigned a value but never used            no-unused-vars
   46:5  warning  'k_steel' is assigned a value but never used                         no-unused-vars
   47:5  warning  'thickness_pipe' is assigned a value but never used                  no-unused-vars
   48:5  warning  'pipe_length' is assigned a value but never used                     no-unused-vars
   49:5  warning  'pipe_insulator1_thickness' is assigned a value but never used       no-unused-vars
   50:5  warning  'pipe_insulator2_thickness' is assigned a value but never used       no-unused-vars
   51:5  warning  'pipe_insulator1_conductivity' is assigned a value but never used    no-unused-vars
   52:5  warning  'pipe_insulator2_conductivity' is assigned a value but never used    no-unused-vars
   53:5  warning  'inside_htc_pipe' is assigned a value but never used                 no-unused-vars
   54:5  warning  'outside_htc_pipe' is assigned a value but never used                no-unused-vars
   55:5  warning  't2' is assigned a value but never used                              no-unused-vars
   57:5  warning  'pipe_R_1' is assigned a value but never used                        no-unused-vars
   58:5  warning  'pipe_r_1' is assigned a value but never used                        no-unused-vars
   59:5  warning  'pipe_R_2' is assigned a value but never used                        no-unused-vars
   60:5  warning  'pipe_r_2' is assigned a value but never used                        no-unused-vars
   61:5  warning  'pipe_R_3' is assigned a value but never used                        no-unused-vars
   62:5  warning  'pipe_r_3' is assigned a value but never used                        no-unused-vars
   63:5  warning  'pipe_R_4' is assigned a value but never used                        no-unused-vars
   64:5  warning  'pipe_r_4' is assigned a value but never used                        no-unused-vars
   65:5  warning  'pipe_R_5' is assigned a value but never used                        no-unused-vars
   66:5  warning  'pipe_r_5' is assigned a value but never used                        no-unused-vars
   67:5  warning  'pipe_R_T' is assigned a value but never used                        no-unused-vars
   68:5  warning  'Q_pipe' is assigned a value but never used                          no-unused-vars
   69:5  warning  'T_s_pipe' is assigned a value but never used                        no-unused-vars
   71:5  warning  't1_sphere_temp' is assigned a value but never used                  no-unused-vars
   73:5  warning  'k_sphere' is assigned a value but never used                        no-unused-vars
   74:5  warning  'thickness_sphere' is assigned a value but never used                no-unused-vars
   75:5  warning  'sphere_insulator1_thickness' is assigned a value but never used     no-unused-vars
   76:5  warning  'sphere_insulator2_thickness' is assigned a value but never used     no-unused-vars
   77:5  warning  'sphere_insulator1_conductivity' is assigned a value but never used  no-unused-vars
   78:5  warning  'sphere_insulator2_conductivity' is assigned a value but never used  no-unused-vars
   79:5  warning  'inside_htc_sphere' is assigned a value but never used               no-unused-vars
   80:5  warning  'outside_htc_sphere' is assigned a value but never used              no-unused-vars
   82:5  warning  'sphere_R_1' is assigned a value but never used                      no-unused-vars
   83:5  warning  'sphere_r_1' is assigned a value but never used                      no-unused-vars
   84:5  warning  'sphere_R_2' is assigned a value but never used                      no-unused-vars
   85:5  warning  'sphere_r_2' is assigned a value but never used                      no-unused-vars
   86:5  warning  'sphere_R_3' is assigned a value but never used                      no-unused-vars
   87:5  warning  'sphere_r_3' is assigned a value but never used                      no-unused-vars
   88:5  warning  'sphere_R_4' is assigned a value but never used                      no-unused-vars
   89:5  warning  'sphere_r_4' is assigned a value but never used                      no-unused-vars
   90:5  warning  'sphere_R_5' is assigned a value but never used                      no-unused-vars
   91:5  warning  'sphere_r_5' is assigned a value but never used                      no-unused-vars
   92:5  warning  'sphere_R_T' is assigned a value but never used                      no-unused-vars
   93:5  warning  'Q_sphere' is assigned a value but never used                        no-unused-vars
   94:5  warning  'T_s_sphere' is assigned a value but never used                      no-unused-vars
   96:5  warning  'rod_q' is assigned a value but never used                           no-unused-vars
   97:5  warning  'rod_conductivity' is assigned a value but never used                no-unused-vars
   98:5  warning  'rod_diameter' is assigned a value but never used                    no-unused-vars
   99:5  warning  'rod_length' is assigned a value but never used                      no-unused-vars
  100:5  warning  'ts_rod' is assigned a value but never used                          no-unused-vars
  101:5  warning  'c1_rod' is assigned a value but never used                          no-unused-vars
  102:5  warning  'c2_rod' is assigned a value but never used                          no-unused-vars
  103:5  warning  't_max_rod' is assigned a value but never used                       no-unused-vars
  105:5  warning  'sphere_q' is assigned a value but never used                        no-unused-vars
  106:5  warning  'sphere_conductivity' is assigned a value but never used             no-unused-vars
  107:5  warning  'sphere_diameter' is assigned a value but never used                 no-unused-vars
  108:5  warning  'sphere_length' is assigned a value but never used                   no-unused-vars
  109:5  warning  'ts_sphere' is assigned a value but never used                       no-unused-vars
  110:5  warning  'c1_sphere' is assigned a value but never used                       no-unused-vars
  111:5  warning  'c2_sphere' is assigned a value but never used                       no-unused-vars
  112:5  warning  't_max_sphere' is assigned a value but never used                    no-unused-vars

/home/runner/work/exp-heat-conduction-generation-iitb/exp-heat-conduction-generation-iitb/experiment/simulation/js/gauss_ele.js
  42:10  warning  'gauss_ele' is defined but never used  no-unused-vars

/home/runner/work/exp-heat-conduction-generation-iitb/exp-heat-conduction-generation-iitb/experiment/simulation/js/screen_size.js
  1:10  warning  'set_screen_size' is defined but never used  no-unused-vars

/home/runner/work/exp-heat-conduction-generation-iitb/exp-heat-conduction-generation-iitb/experiment/simulation/js/trap.js
   4:10  warning  'generate_data' is defined but never used  no-unused-vars
  13:10  warning  'trap' is defined but never used           no-unused-vars
  21:10  warning  'sim1by3' is defined but never used        no-unused-vars
  29:10  warning  'sim3by8' is defined but never used        no-unused-vars

✖ 243 problems (0 errors, 243 warnings)

